Not sure what the right behavior is!!! Want an example that generates an EXCEPTION_ERROR