n2
y1