(A instance, <class '__main__.A'>) Tuple[A, A]
