(A instance, A instance) Tuple[A, A]
